2026-04-05 22:37:11,830 [INFO] Polling LeetCode...
2026-04-05 22:37:14,479 [INFO] New submission: Diameter of Binary Tree id=1968057494
2026-04-05 22:37:15,728 [ERROR] Error processing submission 1968057494: 'charmap' codec can't encode characters in position 212-261: character maps to <undefined>
2026-04-05 22:37:15,728 [INFO] New submission: Maximum Depth of Binary Tree id=1965610130
2026-04-05 22:37:16,928 [ERROR] Error processing submission 1965610130: 'charmap' codec can't encode characters in position 244-293: character maps to <undefined>
2026-04-05 22:37:16,929 [INFO] New submission: Binary Tree Postorder Traversal id=1963821921
2026-04-05 22:37:18,047 [ERROR] Error processing submission 1963821921: 'charmap' codec can't encode characters in position 235-284: character maps to <undefined>
2026-04-05 22:37:18,048 [INFO] New submission: Binary Tree Inorder Traversal id=1963820310
2026-04-05 22:37:19,810 [ERROR] Error processing submission 1963820310: 'charmap' codec can't encode characters in position 231-280: character maps to <undefined>
2026-04-05 22:37:19,810 [INFO] New submission: Binary Tree Preorder Traversal id=1963819254
2026-04-05 22:37:20,878 [ERROR] Error processing submission 1963819254: 'charmap' codec can't encode characters in position 233-282: character maps to <undefined>
2026-04-05 22:37:20,879 [INFO] New submission: Jump Game id=1962838064
2026-04-05 22:37:22,005 [ERROR] Error processing submission 1962838064: 'charmap' codec can't encode characters in position 183-232: character maps to <undefined>
2026-04-05 22:37:22,005 [INFO] New submission: Lemonade Change id=1959014198
2026-04-05 22:37:23,077 [ERROR] Error processing submission 1959014198: 'charmap' codec can't encode characters in position 172-221: character maps to <undefined>
2026-04-05 22:37:23,077 [INFO] New submission: Assign Cookies id=1957730120
2026-04-05 22:37:24,086 [ERROR] Error processing submission 1957730120: 'charmap' codec can't encode characters in position 193-242: character maps to <undefined>
2026-04-05 22:37:24,086 [INFO] New submission: Maximum Points You Can Obtain from Cards id=1956755061
2026-04-05 22:37:25,218 [ERROR] Error processing submission 1956755061: 'charmap' codec can't encode characters in position 244-293: character maps to <undefined>
2026-04-05 22:37:25,219 [INFO] New submission: Fruit Into Baskets id=1955814324
2026-04-05 22:37:26,318 [ERROR] Error processing submission 1955814324: 'charmap' codec can't encode characters in position 200-249: character maps to <undefined>
2026-04-05 22:37:26,321 [INFO] Polling Codeforces...
2026-04-05 22:37:27,726 [ERROR] Failed to fetch submissions: 400 Client Error: Bad Request for url: https://codeforces.com/api/user.status?handle=YOUR_CODEFORCES_HANDLE&from=1&count=20
2026-04-05 22:39:36,854 [INFO] Polling LeetCode...
2026-04-05 22:39:38,041 [INFO] New submission: Diameter of Binary Tree id=1968057494
2026-04-05 22:39:39,237 [INFO] Saved: solutions\leetcode\diameter-of-binary-tree\solution.py
2026-04-05 22:39:39,237 [INFO] New submission: Maximum Depth of Binary Tree id=1965610130
2026-04-05 22:39:40,448 [INFO] Saved: solutions\leetcode\maximum-depth-of-binary-tree\solution.py
2026-04-05 22:39:40,449 [INFO] New submission: Binary Tree Postorder Traversal id=1963821921
2026-04-05 22:39:41,610 [INFO] Saved: solutions\leetcode\binary-tree-postorder-traversal\solution.py
2026-04-05 22:39:41,610 [INFO] New submission: Binary Tree Inorder Traversal id=1963820310
2026-04-05 22:39:42,789 [INFO] Saved: solutions\leetcode\binary-tree-inorder-traversal\solution.py
2026-04-05 22:39:42,790 [INFO] New submission: Binary Tree Preorder Traversal id=1963819254
2026-04-05 22:39:44,219 [INFO] Saved: solutions\leetcode\binary-tree-preorder-traversal\solution.py
2026-04-05 22:39:44,220 [INFO] New submission: Jump Game id=1962838064
2026-04-05 22:39:46,048 [INFO] Saved: solutions\leetcode\jump-game\solution.py
2026-04-05 22:39:46,056 [INFO] New submission: Lemonade Change id=1959014198
2026-04-05 22:39:47,537 [INFO] Saved: solutions\leetcode\lemonade-change\solution.py
2026-04-05 22:39:47,537 [INFO] New submission: Assign Cookies id=1957730120
2026-04-05 22:39:48,950 [INFO] Saved: solutions\leetcode\assign-cookies\solution.py
2026-04-05 22:39:48,950 [INFO] New submission: Maximum Points You Can Obtain from Cards id=1956755061
2026-04-05 22:39:50,306 [INFO] Saved: solutions\leetcode\maximum-points-you-can-obtain-from-cards\solution.py
2026-04-05 22:39:50,307 [INFO] New submission: Fruit Into Baskets id=1955814324
2026-04-05 22:39:52,324 [INFO] Saved: solutions\leetcode\fruit-into-baskets\solution.py
2026-04-05 22:39:52,329 [INFO] Polling Codeforces...
2026-04-05 22:39:54,171 [ERROR] Failed to fetch submissions: 400 Client Error: Bad Request for url: https://codeforces.com/api/user.status?handle=YOUR_CODEFORCES_HANDLE&from=1&count=20
2026-04-05 22:39:54,297 [INFO] Staged: ['solutions\\leetcode\\diameter-of-binary-tree\\solution.py', 'solutions\\leetcode\\maximum-depth-of-binary-tree\\solution.py', 'solutions\\leetcode\\binary-tree-postorder-traversal\\solution.py', 'solutions\\leetcode\\binary-tree-inorder-traversal\\solution.py', 'solutions\\leetcode\\binary-tree-preorder-traversal\\solution.py', 'solutions\\leetcode\\jump-game\\solution.py', 'solutions\\leetcode\\lemonade-change\\solution.py', 'solutions\\leetcode\\assign-cookies\\solution.py', 'solutions\\leetcode\\maximum-points-you-can-obtain-from-cards\\solution.py', 'solutions\\leetcode\\fruit-into-baskets\\solution.py']
2026-04-05 22:39:54,549 [INFO] Committed: \u2705 [2026-04-05] Added 10 solutions (leetcode)
2026-04-05 22:39:58,205 [INFO] Pushed to origin/main
